-------------------------------------------------------------------------------
Test set: com.stackroute.MusixServiceApplicationTests
-------------------------------------------------------------------------------
Tests run: 1, Failures: 0, Errors: 1, Skipped: 0, Time elapsed: 4.006 s <<< FAILURE! - in com.stackroute.MusixServiceApplicationTests
contextLoads(com.stackroute.MusixServiceApplicationTests)  Time elapsed: 0.013 s  <<< ERROR!
java.lang.IllegalStateException: Failed to load ApplicationContext
Caused by: java.lang.IllegalStateException: Error processing condition on org.springframework.boot.autoconfigure.mongo.embedded.EmbeddedMongoAutoConfiguration.embeddedMongoServer
Caused by: java.lang.IllegalStateException: Failed to introspect Class [org.springframework.boot.autoconfigure.mongo.embedded.EmbeddedMongoAutoConfiguration$RuntimeConfigConfiguration] from ClassLoader [jdk.internal.loader.ClassLoaders$AppClassLoader@4b85612c]
Caused by: java.lang.NoClassDefFoundError: de/flapdoodle/embed/process/builder/AbstractBuilder
Caused by: java.lang.ClassNotFoundException: de.flapdoodle.embed.process.builder.AbstractBuilder

