<?xml version="1.0" encoding="UTF-8"?>
<testsuite xmlns:xsi="http://www.w3.org/2001/XMLSchema-instance" xsi:noNamespaceSchemaLocation="https://maven.apache.org/surefire/maven-surefire-plugin/xsd/surefire-test-report.xsd" name="com.stackroute.controller.TrackControllerTest" time="2.415" tests="4" errors="0" skipped="0" failures="0">
  <properties>
[...]
</properties>
  <testcase name="saveTrackFailure" classname="com.stackroute.controller.TrackControllerTest" time="0.251"/>
  <testcase name="getAllTrack" classname="com.stackroute.controller.TrackControllerTest" time="0.055"/>
  <testcase name="saveTrack" classname="com.stackroute.controller.TrackControllerTest" time="0.037"/>
  <testcase name="getAllTrackFailure" classname="com.stackroute.controller.TrackControllerTest" time="0.034"/>
</testsuite>